[2020-06-14 17:10:42 +0000] [122] [INFO] Starting gunicorn 19.9.0
[2020-06-14 17:10:42 +0000] [122] [INFO] Listening at: http://127.0.0.1:8080 (122)
[2020-06-14 17:10:42 +0000] [122] [INFO] Using worker: threads
[2020-06-14 17:10:42 +0000] [129] [INFO] Booting worker with pid: 129
[2020-06-14 17:10:42 +0000] [130] [INFO] Booting worker with pid: 130
[2020-06-14 17:10:42 +0000] [131] [INFO] Booting worker with pid: 131
[2020-06-14 17:10:42 +0000] [132] [INFO] Booting worker with pid: 132
[2020-06-14 17:29:31] - [DEBUG] - [dramatiq.broker.RedisBroker:172]  - Enqueueing message 'fd1009e5-d2a2-48ed-8b0a-f528e8ecda35' on queue 'default'.
[2020-06-14 17:32:20] - [DEBUG] - [dramatiq.broker.RedisBroker:172]  - Enqueueing message '3b33d1c1-3185-4e9d-adcf-ea21ad56cd5f' on queue 'default'.
[2020-06-14 17:36:40] - [DEBUG] - [dramatiq.broker.RedisBroker:172]  - Enqueueing message '45d9e6de-3764-474c-9ee4-2a37112b07cd' on queue 'default'.
[2020-06-14 17:38:06] - [DEBUG] - [dramatiq.broker.RedisBroker:172]  - Enqueueing message '309256a4-095a-40b3-b566-28d9d38dd57e' on queue 'default'.
[2020-06-15 01:39:15] - [DEBUG] - [dramatiq.broker.RedisBroker:172]  - Enqueueing message '10f83db8-082b-4a0b-b23a-9332aedd6af5' on queue 'default'.
[2020-06-15 01:39:19] - [DEBUG] - [dramatiq.broker.RedisBroker:172]  - Enqueueing message '9c398be5-53f0-4977-9c70-d95809466372' on queue 'default'.
[2020-06-15 02:01:42] - [DEBUG] - [dramatiq.broker.RedisBroker:172]  - Enqueueing message 'edf49ec0-1a87-47c7-afee-fd2ea3ce5ded' on queue 'default'.
[2020-06-15 02:06:47] - [DEBUG] - [dramatiq.broker.RedisBroker:172]  - Enqueueing message 'ffd299c4-4ab0-41bf-b463-bd48248b0e6c' on queue 'default'.
[2020-06-15 02:18:12] - [DEBUG] - [dramatiq.broker.RedisBroker:172]  - Enqueueing message '970fc384-5353-4e5d-a9ab-e40eca464516' on queue 'default'.
[2020-06-15 02:20:46] - [DEBUG] - [dramatiq.broker.RedisBroker:172]  - Enqueueing message '3f6f9891-23f1-450e-a93e-7e1a930b49f8' on queue 'default'.
[2020-06-15 02:20:52] - [DEBUG] - [dramatiq.broker.RedisBroker:172]  - Enqueueing message '3dcfc1f6-c395-4fd0-ab53-200b4881560d' on queue 'default'.
[2020-06-15 02:20:55] - [DEBUG] - [dramatiq.broker.RedisBroker:172]  - Enqueueing message 'cf5f122c-d7ab-427f-a342-1ded7afabc0f' on queue 'default'.
[2020-06-15 03:26:29] - [DEBUG] - [dramatiq.broker.RedisBroker:172]  - Enqueueing message 'a319f798-1c1b-4651-8646-d5b0293042a5' on queue 'default'.
[2020-06-15 03:28:04] - [DEBUG] - [dramatiq.broker.RedisBroker:172]  - Enqueueing message 'ff07de2f-28e4-4f8e-8cfa-f5b256b0ff76' on queue 'default'.
[2020-06-15 05:58:44] - [DEBUG] - [dramatiq.broker.RedisBroker:172]  - Enqueueing message 'f80249b6-4b03-448f-9bc7-826ba0fca771' on queue 'default'.
[2020-06-15 05:59:05] - [DEBUG] - [dramatiq.broker.RedisBroker:172]  - Enqueueing message '85002de7-0811-4073-9a9c-70087f6b9c54' on queue 'default'.
[2020-06-15 06:00:31] - [DEBUG] - [dramatiq.broker.RedisBroker:172]  - Enqueueing message '679ef855-84aa-466a-85c0-1f648ed7c01d' on queue 'default'.
[2020-06-15 06:11:09] - [DEBUG] - [dramatiq.broker.RedisBroker:172]  - Enqueueing message '623e7046-6754-414d-bba3-9379d1d8af23' on queue 'default'.
[2020-06-15 15:04:26] - [DEBUG] - [dramatiq.broker.RedisBroker:172]  - Enqueueing message '178e8497-e766-42c1-8035-12d5e228c3ad' on queue 'default'.
[2020-06-15 15:05:29] - [DEBUG] - [dramatiq.broker.RedisBroker:172]  - Enqueueing message '0a665cab-2a1f-474e-8bdd-f26a0ca17871' on queue 'default'.
[2020-06-15 15:06:16] - [DEBUG] - [dramatiq.broker.RedisBroker:172]  - Enqueueing message 'bbb3fa39-a920-4f73-9bd2-9c1212870d78' on queue 'default'.
[2020-06-15 15:09:21] - [DEBUG] - [dramatiq.broker.RedisBroker:172]  - Enqueueing message '9d425063-f165-4b27-8a8f-fde1038233f8' on queue 'default'.
[2020-06-16 02:59:32] - [DEBUG] - [dramatiq.broker.RedisBroker:172]  - Enqueueing message 'd0acc46b-a9bd-4525-bba1-342717207c5f' on queue 'default'.
[2020-06-16 03:00:15] - [DEBUG] - [dramatiq.broker.RedisBroker:172]  - Enqueueing message '80dcb74b-1688-49d5-9df0-705b8d9ec2a8' on queue 'default'.
[2020-06-16 11:43:37] - [DEBUG] - [dramatiq.broker.RedisBroker:172]  - Enqueueing message '88427dc3-5e63-49ca-9a78-7c06a63e4666' on queue 'default'.
[2020-06-16 11:44:26] - [DEBUG] - [dramatiq.broker.RedisBroker:172]  - Enqueueing message '16523818-14cd-4789-91b9-01c85c3f5586' on queue 'default'.
[2020-06-16 11:45:00] - [DEBUG] - [dramatiq.broker.RedisBroker:172]  - Enqueueing message '3b53b15d-0f25-4827-9a6d-c34fa45865d1' on queue 'default'.
[2020-06-16 11:47:25] - [DEBUG] - [dramatiq.broker.RedisBroker:172]  - Enqueueing message 'e6635c18-62bd-482e-8738-5a31e61248b5' on queue 'default'.
[2020-06-16 11:47:38] - [DEBUG] - [dramatiq.broker.RedisBroker:172]  - Enqueueing message 'b0eeb2c5-9517-4910-81e3-967c7aaf902b' on queue 'default'.
[2020-06-16 11:47:50] - [DEBUG] - [dramatiq.broker.RedisBroker:172]  - Enqueueing message '2d1efa47-b70e-4d96-b809-050945d8055d' on queue 'default'.
[2020-06-16 11:47:57] - [DEBUG] - [dramatiq.broker.RedisBroker:172]  - Enqueueing message 'b54aad27-24b6-41d6-aa36-7306456b9180' on queue 'default'.
[2020-06-16 12:01:36] - [DEBUG] - [dramatiq.broker.RedisBroker:172]  - Enqueueing message '9db84d7a-823c-494d-85ac-d4e70b376722' on queue 'default'.
[2020-06-16 12:01:47] - [DEBUG] - [dramatiq.broker.RedisBroker:172]  - Enqueueing message 'c055e9ac-136f-45ad-9168-fe072ae2119c' on queue 'default'.
[2020-06-16 12:24:32] - [DEBUG] - [dramatiq.broker.RedisBroker:172]  - Enqueueing message '156e83f1-5501-4c43-9f61-f5f705448042' on queue 'default'.
[2020-06-16 12:24:45] - [DEBUG] - [dramatiq.broker.RedisBroker:172]  - Enqueueing message '6b86c248-3d73-403a-9a69-d32ad592a89e' on queue 'default'.
[2020-06-16 12:24:50] - [DEBUG] - [dramatiq.broker.RedisBroker:172]  - Enqueueing message '37ead0f9-3dee-4834-b106-a9a994a12b05' on queue 'default'.
[2020-06-16 12:24:58] - [DEBUG] - [dramatiq.broker.RedisBroker:172]  - Enqueueing message '063ecd84-05a1-4690-9a6d-decb90d31345' on queue 'default'.
[2020-06-16 12:27:07] - [DEBUG] - [dramatiq.broker.RedisBroker:172]  - Enqueueing message 'cc9cc0bf-a16c-4998-9ff6-40f5b2e6af80' on queue 'default'.
[2020-06-16 12:27:17] - [DEBUG] - [dramatiq.broker.RedisBroker:172]  - Enqueueing message 'f8a17612-d713-4e81-a09f-9b4e8de922aa' on queue 'default'.
[2020-06-16 12:27:26] - [DEBUG] - [dramatiq.broker.RedisBroker:172]  - Enqueueing message 'effa479f-775d-4a87-92fa-e55628a3e2fe' on queue 'default'.
[2020-06-16 12:31:53] - [DEBUG] - [dramatiq.broker.RedisBroker:172]  - Enqueueing message '9150ffc3-1764-4760-98e5-ac9a96b8b569' on queue 'default'.
[2020-06-16 12:32:38] - [DEBUG] - [dramatiq.broker.RedisBroker:172]  - Enqueueing message 'cae89c54-6544-43cc-9bee-c2bc9777464d' on queue 'default'.
[2020-06-16 12:33:05] - [DEBUG] - [dramatiq.broker.RedisBroker:172]  - Enqueueing message 'fccda18b-1eb9-4363-97dc-03a75b624815' on queue 'default'.
[2020-06-16 12:33:18] - [DEBUG] - [dramatiq.broker.RedisBroker:172]  - Enqueueing message 'a729e38a-3fdb-4eba-8ca1-443447e1f129' on queue 'default'.
[2020-06-16 12:36:29] - [DEBUG] - [dramatiq.broker.RedisBroker:172]  - Enqueueing message '627b2f7e-d1ba-42e4-9200-fe33172a4c11' on queue 'default'.
[2020-06-16 12:40:40] - [DEBUG] - [dramatiq.broker.RedisBroker:172]  - Enqueueing message '0e190ff7-1fd9-4741-9d71-018c3ec41a71' on queue 'default'.
[2020-06-16 12:40:52] - [DEBUG] - [dramatiq.broker.RedisBroker:172]  - Enqueueing message '4e2c9f27-5adb-4023-91f1-4bbe04e61679' on queue 'default'.
[2020-06-16 12:41:07] - [DEBUG] - [dramatiq.broker.RedisBroker:172]  - Enqueueing message '7c24107d-359d-40e0-9313-efddd1d80f30' on queue 'default'.
[2020-06-16 12:41:14] - [DEBUG] - [dramatiq.broker.RedisBroker:172]  - Enqueueing message '611b5fbb-4959-41a5-9d9e-eacfe686360b' on queue 'default'.
[2020-06-16 12:44:25] - [DEBUG] - [dramatiq.broker.RedisBroker:172]  - Enqueueing message '2ab85ab3-c939-40b2-bfcb-64daacedf5d7' on queue 'default'.
[2020-06-16 12:47:20] - [DEBUG] - [dramatiq.broker.RedisBroker:172]  - Enqueueing message 'a24d2674-86c2-4fc8-a096-082b79edd951' on queue 'default'.
[2020-06-16 12:48:32] - [DEBUG] - [dramatiq.broker.RedisBroker:172]  - Enqueueing message 'bc3f6cf9-d46d-461c-ba1d-8aeb25caeae8' on queue 'default'.
[2020-06-16 12:49:37] - [DEBUG] - [dramatiq.broker.RedisBroker:172]  - Enqueueing message '2267f51a-eafe-40d6-a37f-9ffcc796a5fd' on queue 'default'.
[2020-06-16 12:49:52] - [DEBUG] - [dramatiq.broker.RedisBroker:172]  - Enqueueing message '61435ca6-9e31-4754-9af6-d4c3a8191ae2' on queue 'default'.
[2020-06-16 12:50:45] - [DEBUG] - [dramatiq.broker.RedisBroker:172]  - Enqueueing message 'a643703b-30c0-46f5-b350-c980f58dec35' on queue 'default'.
[2020-06-16 12:51:59] - [DEBUG] - [dramatiq.broker.RedisBroker:172]  - Enqueueing message '94cd6aa6-5f55-4d30-8e66-c15347eb7246' on queue 'default'.
[2020-06-16 12:54:14] - [DEBUG] - [dramatiq.broker.RedisBroker:172]  - Enqueueing message '91c1e19b-67a3-465f-ba1e-613c6b716a7b' on queue 'default'.
[2020-06-16 12:54:34] - [DEBUG] - [dramatiq.broker.RedisBroker:172]  - Enqueueing message 'bf1d6e47-f159-4efc-b0c4-273c926baf80' on queue 'default'.
[2020-06-16 12:54:55] - [DEBUG] - [dramatiq.broker.RedisBroker:172]  - Enqueueing message '8443f878-b96f-4996-b0fa-bcc153dbe78b' on queue 'default'.
[2020-06-16 12:55:03] - [DEBUG] - [dramatiq.broker.RedisBroker:172]  - Enqueueing message 'f2225062-f60c-4c9c-9c7b-8bd53920f051' on queue 'default'.
[2020-06-16 12:55:23] - [DEBUG] - [dramatiq.broker.RedisBroker:172]  - Enqueueing message 'faf3d6ae-4d73-4b55-a526-22a45476ce5d' on queue 'default'.
[2020-06-16 12:55:42] - [DEBUG] - [dramatiq.broker.RedisBroker:172]  - Enqueueing message '21cf3e9d-1168-4d03-826e-7b941bbfb8bf' on queue 'default'.
[2020-06-16 12:57:25] - [DEBUG] - [dramatiq.broker.RedisBroker:172]  - Enqueueing message 'eead67d6-b5d8-4988-b52e-d20ec3522b01' on queue 'default'.
[2020-06-16 13:05:48] - [DEBUG] - [dramatiq.broker.RedisBroker:172]  - Enqueueing message 'e1fca46e-adf8-4f1f-a01e-c9e08d5105fd' on queue 'default'.
[2020-06-16 13:05:53] - [DEBUG] - [dramatiq.broker.RedisBroker:172]  - Enqueueing message '2326058e-36ea-4eac-a07c-4cdd7e7b0503' on queue 'default'.
[2020-06-16 13:09:50] - [DEBUG] - [dramatiq.broker.RedisBroker:172]  - Enqueueing message '2fa63ebf-9af4-422d-85ca-b0b2872b12d9' on queue 'default'.
[2020-06-16 13:10:35] - [DEBUG] - [dramatiq.broker.RedisBroker:172]  - Enqueueing message '818ac430-3051-49a7-b388-1f87da4af819' on queue 'default'.
[2020-06-16 13:10:36] - [DEBUG] - [dramatiq.broker.RedisBroker:172]  - Enqueueing message '8cd9eb30-3787-4a23-b9ff-bbc0f2ce854b' on queue 'default'.
[2020-06-16 13:11:05] - [DEBUG] - [dramatiq.broker.RedisBroker:172]  - Enqueueing message '739fed4c-101e-4e80-a68d-9cd6871959f7' on queue 'default'.
[2020-06-16 13:11:21] - [DEBUG] - [dramatiq.broker.RedisBroker:172]  - Enqueueing message '70dd5ab6-89d2-424c-af41-4df7411684ff' on queue 'default'.
[2020-06-16 13:11:54] - [DEBUG] - [dramatiq.broker.RedisBroker:172]  - Enqueueing message 'e1405dee-f11b-4414-b59f-7aa04d5181ca' on queue 'default'.
[2020-06-16 13:17:59] - [DEBUG] - [dramatiq.broker.RedisBroker:172]  - Enqueueing message 'f104e418-72e8-49ab-a116-3ca4850412c7' on queue 'default'.
[2020-06-16 13:18:31] - [DEBUG] - [dramatiq.broker.RedisBroker:172]  - Enqueueing message '52654cf4-c2d3-4b9c-992d-86e4db68e31c' on queue 'default'.
[2020-06-16 13:19:20] - [DEBUG] - [dramatiq.broker.RedisBroker:172]  - Enqueueing message '693690dd-ad8c-4e3a-a479-2b93eabd9576' on queue 'default'.
[2020-06-16 13:20:08] - [DEBUG] - [dramatiq.broker.RedisBroker:172]  - Enqueueing message '57af948d-ae6d-4d3e-b638-00e6cdd39735' on queue 'default'.
[2020-06-16 13:22:09] - [DEBUG] - [dramatiq.broker.RedisBroker:172]  - Enqueueing message 'e75ae2cd-3e6f-480c-b494-0c2cfc77339a' on queue 'default'.
[2020-06-16 17:50:55] - [DEBUG] - [dramatiq.broker.RedisBroker:172]  - Enqueueing message 'cd6a0628-c8d3-4c03-bb10-182e0b0bcdef' on queue 'default'.
[2020-06-16 17:51:10] - [DEBUG] - [dramatiq.broker.RedisBroker:172]  - Enqueueing message '475ab69a-c65f-4aea-a182-bc5bc0139482' on queue 'default'.
[2020-06-16 17:52:14] - [DEBUG] - [dramatiq.broker.RedisBroker:172]  - Enqueueing message '625d3aa4-a234-40de-994f-905e2d2421f2' on queue 'default'.
[2020-06-16 17:52:31] - [DEBUG] - [dramatiq.broker.RedisBroker:172]  - Enqueueing message '9c194d62-bb31-4be3-ba84-07116f034ac0' on queue 'default'.
[2020-06-16 17:52:40] - [DEBUG] - [dramatiq.broker.RedisBroker:172]  - Enqueueing message '4d0822cf-79b0-432d-b019-0d7908159ce6' on queue 'default'.
